not supported configure
not supported configure
not supported configure
not supported configure
not supported configure
not supported configure
not supported configure
not supported configure
not supported configure
not supported configure
not supported configure
not supported configure
not supported configure
not supported configure
not supported configure
not supported configure
not supported configure
not supported configure
not supported configure
not supported configure
not supported configure
not supported configure
not supported configure
not supported configure
not supported configure
not supported configure
not supported configure
not supported configure
not supported configure
not supported configure
not supported configure
not supported configure
not supported configure
not supported configure
algorithm	:	APPNP_DP
vertices	:	2708
epochs		:	201
layers		:	1433-128-128-128-128-128-128-128-7
fanout		:	
batch_size		:	0
edge_file	:	./nts_data/reorder/cora-4part/reorder.edge.self
feature_file	:	./nts_data/cora.featuretable
label_file	:	./nts_data/cora.labeltable
mask_file	:	./nts_data/cora.mask
proc_overlap	:	0
proc_local	:	0
proc_cuda	:	0
proc_rep	:	0
lock_free	:	1
optim_kernel	:	0
learn_rate	:	0.015
weight_decay	:	0.0005
decay_rate	:	0.97
decay_epoch	:	100
drop_rate	:	0.5
------------------input info--------------
exec_time=0.032851(s)
