Performing C SOURCE FILE Test CMAKE_HAVE_LIBC_PTHREAD failed with the following output:
Change Dir: /home/hdd2/lusz/NeutronTask/build/CMakeFiles/CMakeTmp

Run Build Command(s):/bin/make cmTC_39f92/fast && /bin/make -f CMakeFiles/cmTC_39f92.dir/build.make CMakeFiles/cmTC_39f92.dir/build
make[1]: Entering directory '/home/hdd2/lusz/NeutronTask/build/CMakeFiles/CMakeTmp'
Building C object CMakeFiles/cmTC_39f92.dir/src.c.o
/bin/cc   -DCMAKE_HAVE_LIBC_PTHREAD   -o CMakeFiles/cmTC_39f92.dir/src.c.o   -c /home/hdd2/lusz/NeutronTask/build/CMakeFiles/CMakeTmp/src.c
Linking C executable cmTC_39f92
/usr/bin/cmake -E cmake_link_script CMakeFiles/cmTC_39f92.dir/link.txt --verbose=1
/bin/cc  -DCMAKE_HAVE_LIBC_PTHREAD  -L/home/fuzb/lib/openssl-3.1.0/openssl/lib64 -Wl,-rpath,/home/fuzb/lib/openssl-3.1.0/openssl/lib64  -rdynamic CMakeFiles/cmTC_39f92.dir/src.c.o  -o cmTC_39f92 
/bin/ld: CMakeFiles/cmTC_39f92.dir/src.c.o: in function `main':
src.c:(.text+0x46): undefined reference to `pthread_create'
/bin/ld: src.c:(.text+0x52): undefined reference to `pthread_detach'
/bin/ld: src.c:(.text+0x63): undefined reference to `pthread_join'
collect2: error: ld returned 1 exit status
make[1]: *** [CMakeFiles/cmTC_39f92.dir/build.make:87: cmTC_39f92] Error 1
make[1]: Leaving directory '/home/hdd2/lusz/NeutronTask/build/CMakeFiles/CMakeTmp'
make: *** [Makefile:121: cmTC_39f92/fast] Error 2


Source file was:
#include <pthread.h>

void* test_func(void* data)
{
  return data;
}

int main(void)
{
  pthread_t thread;
  pthread_create(&thread, NULL, test_func, NULL);
  pthread_detach(thread);
  pthread_join(thread, NULL);
  pthread_atfork(NULL, NULL, NULL);
  pthread_exit(NULL);

  return 0;
}

Determining if the function pthread_create exists in the pthreads failed with the following output:
Change Dir: /home/hdd2/lusz/NeutronTask/build/CMakeFiles/CMakeTmp

Run Build Command(s):/bin/make cmTC_c776b/fast && /bin/make -f CMakeFiles/cmTC_c776b.dir/build.make CMakeFiles/cmTC_c776b.dir/build
make[1]: Entering directory '/home/hdd2/lusz/NeutronTask/build/CMakeFiles/CMakeTmp'
Building C object CMakeFiles/cmTC_c776b.dir/CheckFunctionExists.c.o
/bin/cc   -DCHECK_FUNCTION_EXISTS=pthread_create   -o CMakeFiles/cmTC_c776b.dir/CheckFunctionExists.c.o   -c /usr/share/cmake-3.16/Modules/CheckFunctionExists.c
Linking C executable cmTC_c776b
/usr/bin/cmake -E cmake_link_script CMakeFiles/cmTC_c776b.dir/link.txt --verbose=1
/bin/cc  -DCHECK_FUNCTION_EXISTS=pthread_create  -L/home/fuzb/lib/openssl-3.1.0/openssl/lib64 -Wl,-rpath,/home/fuzb/lib/openssl-3.1.0/openssl/lib64  -rdynamic CMakeFiles/cmTC_c776b.dir/CheckFunctionExists.c.o  -o cmTC_c776b  -lpthreads 
/bin/ld: cannot find -lpthreads
collect2: error: ld returned 1 exit status
make[1]: *** [CMakeFiles/cmTC_c776b.dir/build.make:87: cmTC_c776b] Error 1
make[1]: Leaving directory '/home/hdd2/lusz/NeutronTask/build/CMakeFiles/CMakeTmp'
make: *** [Makefile:121: cmTC_c776b/fast] Error 2



